Build started 1-10-2014 12:32:42.
     1>Project "C:\Users\Sjoerd\Documents\School\Jaar4\Project\42IN13SAi\42IN13SAi.vcxproj" on node 2 (Build target(s)).
     1>ClCompile:
         C:\Program Files (x86)\Microsoft Visual Studio 12.0\VC\bin\CL.exe /c /ZI /nologo /W3 /WX- /sdl /Od /Oy- /D _MBCS /Gm /EHsc /RTC1 /MDd /GS /fp:precise /Zc:wchar_t /Zc:forScope /Fo"Debug\\" /Fd"Debug\vc120.pdb" /Gd /TP /analyze- /errorReport:prompt Grammar.cpp main.cpp ParseException.cpp PartnerNotFoundException.cpp RegexMatcher.cpp Token.cpp TokenDefinition.cpp Tokenizer.cpp TokenPartner.cpp
         TokenPartner.cpp
         Tokenizer.cpp
     1>c:\users\sjoerd\documents\school\jaar4\project\42in13sai\tokenizer.cpp(144): error C2039: 'not1' : is not a member of 'std'
     1>c:\users\sjoerd\documents\school\jaar4\project\42in13sai\tokenizer.cpp(144): error C2039: 'ptr_fun' : is not a member of 'std'
     1>c:\users\sjoerd\documents\school\jaar4\project\42in13sai\tokenizer.cpp(144): error C2065: 'ptr_fun' : undeclared identifier
     1>c:\users\sjoerd\documents\school\jaar4\project\42in13sai\tokenizer.cpp(144): error C2062: type 'int' unexpected
     1>c:\users\sjoerd\documents\school\jaar4\project\42in13sai\tokenizer.cpp(144): error C3861: 'not1': identifier not found
     1>c:\users\sjoerd\documents\school\jaar4\project\42in13sai\tokenizer.cpp(150): error C2039: 'not1' : is not a member of 'std'
     1>c:\users\sjoerd\documents\school\jaar4\project\42in13sai\tokenizer.cpp(150): error C2039: 'ptr_fun' : is not a member of 'std'
     1>c:\users\sjoerd\documents\school\jaar4\project\42in13sai\tokenizer.cpp(150): error C2065: 'ptr_fun' : undeclared identifier
     1>c:\users\sjoerd\documents\school\jaar4\project\42in13sai\tokenizer.cpp(150): error C2062: type 'int' unexpected
     1>c:\users\sjoerd\documents\school\jaar4\project\42in13sai\tokenizer.cpp(150): error C3861: 'not1': identifier not found
         TokenDefinition.cpp
         Token.cpp
         RegexMatcher.cpp
         PartnerNotFoundException.cpp
         ParseException.cpp
         main.cpp
         Grammar.cpp
         Generating Code...
     1>Done Building Project "C:\Users\Sjoerd\Documents\School\Jaar4\Project\42IN13SAi\42IN13SAi.vcxproj" (Build target(s)) -- FAILED.

Build FAILED.

Time Elapsed 00:00:06.10
